0 info it worked if it ends with ok
1 verbose cli [ 'node',
1 verbose cli   '/usr/local/bin/npm',
1 verbose cli   'install',
1 verbose cli   '-D',
1 verbose cli   'grunt-browerify' ]
2 info using npm@1.4.28
3 info using node@v0.10.32
4 warn package.json chanmao@0.0.1 No description
5 warn package.json chanmao@0.0.1 No repository field.
6 warn package.json chanmao@0.0.1 No README data
7 verbose readDependencies using package.json deps
8 verbose cache add [ 'grunt-browerify', null ]
9 verbose cache add name=undefined spec="grunt-browerify" args=["grunt-browerify",null]
10 verbose parsed url { protocol: null,
10 verbose parsed url   slashes: null,
10 verbose parsed url   auth: null,
10 verbose parsed url   host: null,
10 verbose parsed url   port: null,
10 verbose parsed url   hostname: null,
10 verbose parsed url   hash: null,
10 verbose parsed url   search: null,
10 verbose parsed url   query: null,
10 verbose parsed url   pathname: 'grunt-browerify',
10 verbose parsed url   path: 'grunt-browerify',
10 verbose parsed url   href: 'grunt-browerify' }
11 silly lockFile a08bddcc-grunt-browerify grunt-browerify
12 verbose lock grunt-browerify /Users/yichenghuang/.npm/a08bddcc-grunt-browerify.lock
13 silly lockFile a08bddcc-grunt-browerify grunt-browerify
14 silly lockFile a08bddcc-grunt-browerify grunt-browerify
15 verbose addNamed [ 'grunt-browerify', '' ]
16 verbose addNamed [ null, '*' ]
17 silly lockFile 2c07a771-grunt-browerify grunt-browerify@
18 verbose lock grunt-browerify@ /Users/yichenghuang/.npm/2c07a771-grunt-browerify.lock
19 silly addNameRange { name: 'grunt-browerify', range: '*', hasData: false }
20 verbose request where is /grunt-browerify
21 verbose request registry https://registry.npmjs.org/
22 verbose request id 5ee0b709ee33995a
23 verbose url raw /grunt-browerify
24 verbose url resolving [ 'https://registry.npmjs.org/', './grunt-browerify' ]
25 verbose url resolved https://registry.npmjs.org/grunt-browerify
26 verbose request where is https://registry.npmjs.org/grunt-browerify
27 info trying registry request attempt 1 at 17:02:31
28 http GET https://registry.npmjs.org/grunt-browerify
29 http 404 https://registry.npmjs.org/grunt-browerify
30 verbose headers { date: 'Sat, 20 Dec 2014 22:02:31 GMT',
30 verbose headers   server: 'CouchDB/1.5.0 (Erlang OTP/R16B03)',
30 verbose headers   'content-type': 'application/json',
30 verbose headers   'cache-control': 'max-age=0',
30 verbose headers   'content-length': '52',
30 verbose headers   'accept-ranges': 'bytes',
30 verbose headers   via: '1.1 varnish',
30 verbose headers   age: '0',
30 verbose headers   'x-served-by': 'cache-jfk1029-JFK',
30 verbose headers   'x-cache': 'MISS',
30 verbose headers   'x-cache-hits': '0',
30 verbose headers   'x-timer': 'S1419112951.641044,VS0,VE84',
30 verbose headers   'keep-alive': 'timeout=10, max=50',
30 verbose headers   connection: 'Keep-Alive' }
31 silly registry.get cb [ 404,
31 silly registry.get   { date: 'Sat, 20 Dec 2014 22:02:31 GMT',
31 silly registry.get     server: 'CouchDB/1.5.0 (Erlang OTP/R16B03)',
31 silly registry.get     'content-type': 'application/json',
31 silly registry.get     'cache-control': 'max-age=0',
31 silly registry.get     'content-length': '52',
31 silly registry.get     'accept-ranges': 'bytes',
31 silly registry.get     via: '1.1 varnish',
31 silly registry.get     age: '0',
31 silly registry.get     'x-served-by': 'cache-jfk1029-JFK',
31 silly registry.get     'x-cache': 'MISS',
31 silly registry.get     'x-cache-hits': '0',
31 silly registry.get     'x-timer': 'S1419112951.641044,VS0,VE84',
31 silly registry.get     'keep-alive': 'timeout=10, max=50',
31 silly registry.get     connection: 'Keep-Alive' } ]
32 silly lockFile 2c07a771-grunt-browerify grunt-browerify@
33 silly lockFile 2c07a771-grunt-browerify grunt-browerify@
34 error 404 404 Not Found: grunt-browerify
34 error 404
34 error 404 'grunt-browerify' is not in the npm registry.
34 error 404 You should bug the author to publish it
34 error 404 It was specified as a dependency of 'chanmao'
34 error 404
34 error 404 Note that you can also install from a
34 error 404 tarball, folder, or http url, or git url.
35 error System Darwin 14.0.0
36 error command "node" "/usr/local/bin/npm" "install" "-D" "grunt-browerify"
37 error cwd /Users/yichenghuang/project/CMTDD0.0.3
38 error node -v v0.10.32
39 error npm -v 1.4.28
40 error code E404
41 verbose exit [ 1, true ]
